Uncaught Exception: SQLSTATE[HY000] [1045] Access denied for user 'u652153415_atlantis'@'localhost' (using password: YES)
#0 C:\xampp\htdocs\Proyecto_Atlantis\produccion_worktree\modelos\conexion.php(46): PDO->__construct('mysql:host=loca...', 'u652153415_atla...', Object(SensitiveParameterValue), Array)
#1 C:\xampp\htdocs\Proyecto_Atlantis\produccion_worktree\modelos\usuarios.modelo.php(12): Conexion::conectar()
#2 C:\xampp\htdocs\Proyecto_Atlantis\produccion_worktree\vistas\plantilla.php(23): ModeloUsuarios::mdlMostrarUsuarios('usuarios', 'id', 28)
#3 C:\xampp\htdocs\Proyecto_Atlantis\produccion_worktree\controladores\plantilla.controlador.php(7): include('C:\\xampp\\htdocs...')
#4 C:\xampp\htdocs\Proyecto_Atlantis\produccion_worktree\index.php(101): ControladorPlantilla->ctrPlantilla()
#5 {main}
Uncaught Exception: SQLSTATE[HY000] [1045] Access denied for user 'u652153415_atlantis'@'localhost' (using password: YES)
#0 C:\xampp\htdocs\Proyecto_Atlantis\produccion_worktree\modelos\conexion.php(46): PDO->__construct('mysql:host=loca...', 'u652153415_atla...', Object(SensitiveParameterValue), Array)
#1 C:\xampp\htdocs\Proyecto_Atlantis\produccion_worktree\modelos\usuarios.modelo.php(12): Conexion::conectar()
#2 C:\xampp\htdocs\Proyecto_Atlantis\produccion_worktree\vistas\plantilla.php(23): ModeloUsuarios::mdlMostrarUsuarios('usuarios', 'id', 28)
#3 C:\xampp\htdocs\Proyecto_Atlantis\produccion_worktree\controladores\plantilla.controlador.php(7): include('C:\\xampp\\htdocs...')
#4 C:\xampp\htdocs\Proyecto_Atlantis\produccion_worktree\index.php(101): ControladorPlantilla->ctrPlantilla()
#5 {main}
Uncaught Exception: SQLSTATE[HY000] [1045] Access denied for user 'u652153415_atlantis'@'localhost' (using password: YES)
#0 C:\xampp\htdocs\Proyecto_Atlantis\produccion_worktree\modelos\conexion.php(46): PDO->__construct('mysql:host=loca...', 'u652153415_atla...', Object(SensitiveParameterValue), Array)
#1 C:\xampp\htdocs\Proyecto_Atlantis\produccion_worktree\modelos\usuarios.modelo.php(12): Conexion::conectar()
#2 C:\xampp\htdocs\Proyecto_Atlantis\produccion_worktree\vistas\plantilla.php(23): ModeloUsuarios::mdlMostrarUsuarios('usuarios', 'id', 28)
#3 C:\xampp\htdocs\Proyecto_Atlantis\produccion_worktree\controladores\plantilla.controlador.php(7): include('C:\\xampp\\htdocs...')
#4 C:\xampp\htdocs\Proyecto_Atlantis\produccion_worktree\index.php(101): ControladorPlantilla->ctrPlantilla()
#5 {main}
Uncaught Exception: SQLSTATE[HY000] [1045] Access denied for user 'u652153415_atlantis'@'localhost' (using password: YES)
#0 C:\xampp\htdocs\Proyecto_Atlantis\produccion_worktree\modelos\conexion.php(46): PDO->__construct('mysql:host=loca...', 'u652153415_atla...', Object(SensitiveParameterValue), Array)
#1 C:\xampp\htdocs\Proyecto_Atlantis\produccion_worktree\modelos\usuarios.modelo.php(12): Conexion::conectar()
#2 C:\xampp\htdocs\Proyecto_Atlantis\produccion_worktree\vistas\plantilla.php(23): ModeloUsuarios::mdlMostrarUsuarios('usuarios', 'id', 28)
#3 C:\xampp\htdocs\Proyecto_Atlantis\produccion_worktree\controladores\plantilla.controlador.php(7): include('C:\\xampp\\htdocs...')
#4 C:\xampp\htdocs\Proyecto_Atlantis\produccion_worktree\index.php(101): ControladorPlantilla->ctrPlantilla()
#5 {main}
Uncaught Exception: SQLSTATE[HY000] [1045] Access denied for user 'u652153415_atlantis'@'localhost' (using password: YES)
#0 C:\xampp\htdocs\Proyecto_Atlantis\produccion_worktree\modelos\conexion.php(46): PDO->__construct('mysql:host=loca...', 'u652153415_atla...', Object(SensitiveParameterValue), Array)
#1 C:\xampp\htdocs\Proyecto_Atlantis\produccion_worktree\modelos\usuarios.modelo.php(12): Conexion::conectar()
#2 C:\xampp\htdocs\Proyecto_Atlantis\produccion_worktree\vistas\plantilla.php(23): ModeloUsuarios::mdlMostrarUsuarios('usuarios', 'id', 28)
#3 C:\xampp\htdocs\Proyecto_Atlantis\produccion_worktree\controladores\plantilla.controlador.php(7): include('C:\\xampp\\htdocs...')
#4 C:\xampp\htdocs\Proyecto_Atlantis\produccion_worktree\index.php(101): ControladorPlantilla->ctrPlantilla()
#5 {main}
Uncaught Exception: SQLSTATE[HY000] [1045] Access denied for user 'u652153415_atlantis'@'localhost' (using password: YES)
#0 C:\xampp\htdocs\Proyecto_Atlantis\produccion_worktree\modelos\conexion.php(46): PDO->__construct('mysql:host=loca...', 'u652153415_atla...', Object(SensitiveParameterValue), Array)
#1 C:\xampp\htdocs\Proyecto_Atlantis\produccion_worktree\modelos\usuarios.modelo.php(12): Conexion::conectar()
#2 C:\xampp\htdocs\Proyecto_Atlantis\produccion_worktree\vistas\plantilla.php(23): ModeloUsuarios::mdlMostrarUsuarios('usuarios', 'id', 28)
#3 C:\xampp\htdocs\Proyecto_Atlantis\produccion_worktree\controladores\plantilla.controlador.php(7): include('C:\\xampp\\htdocs...')
#4 C:\xampp\htdocs\Proyecto_Atlantis\produccion_worktree\index.php(101): ControladorPlantilla->ctrPlantilla()
#5 {main}
Uncaught Exception: SQLSTATE[HY000] [1045] Access denied for user 'u652153415_atlantis'@'localhost' (using password: YES)
#0 C:\xampp\htdocs\Proyecto_Atlantis\produccion_worktree\modelos\conexion.php(46): PDO->__construct('mysql:host=loca...', 'u652153415_atla...', Object(SensitiveParameterValue), Array)
#1 C:\xampp\htdocs\Proyecto_Atlantis\produccion_worktree\modelos\usuarios.modelo.php(12): Conexion::conectar()
#2 C:\xampp\htdocs\Proyecto_Atlantis\produccion_worktree\vistas\plantilla.php(23): ModeloUsuarios::mdlMostrarUsuarios('usuarios', 'id', 28)
#3 C:\xampp\htdocs\Proyecto_Atlantis\produccion_worktree\controladores\plantilla.controlador.php(7): include('C:\\xampp\\htdocs...')
#4 C:\xampp\htdocs\Proyecto_Atlantis\produccion_worktree\index.php(101): ControladorPlantilla->ctrPlantilla()
#5 {main}
Uncaught Exception: SQLSTATE[HY000] [1045] Access denied for user 'u652153415_atlantis'@'localhost' (using password: YES)
#0 C:\xampp\htdocs\Proyecto_Atlantis\produccion_worktree\modelos\conexion.php(46): PDO->__construct('mysql:host=loca...', 'u652153415_atla...', Object(SensitiveParameterValue), Array)
#1 C:\xampp\htdocs\Proyecto_Atlantis\produccion_worktree\modelos\usuarios.modelo.php(12): Conexion::conectar()
#2 C:\xampp\htdocs\Proyecto_Atlantis\produccion_worktree\vistas\plantilla.php(23): ModeloUsuarios::mdlMostrarUsuarios('usuarios', 'id', 28)
#3 C:\xampp\htdocs\Proyecto_Atlantis\produccion_worktree\controladores\plantilla.controlador.php(7): include('C:\\xampp\\htdocs...')
#4 C:\xampp\htdocs\Proyecto_Atlantis\produccion_worktree\index.php(101): ControladorPlantilla->ctrPlantilla()
#5 {main}
Uncaught Exception: SQLSTATE[HY000] [1045] Access denied for user 'u652153415_atlantis'@'localhost' (using password: YES)
#0 C:\xampp\htdocs\Proyecto_Atlantis\produccion_worktree\modelos\conexion.php(46): PDO->__construct('mysql:host=loca...', 'u652153415_atla...', Object(SensitiveParameterValue), Array)
#1 C:\xampp\htdocs\Proyecto_Atlantis\produccion_worktree\modelos\usuarios.modelo.php(12): Conexion::conectar()
#2 C:\xampp\htdocs\Proyecto_Atlantis\produccion_worktree\vistas\plantilla.php(23): ModeloUsuarios::mdlMostrarUsuarios('usuarios', 'id', 28)
#3 C:\xampp\htdocs\Proyecto_Atlantis\produccion_worktree\controladores\plantilla.controlador.php(7): include('C:\\xampp\\htdocs...')
#4 C:\xampp\htdocs\Proyecto_Atlantis\produccion_worktree\index.php(101): ControladorPlantilla->ctrPlantilla()
#5 {main}
